[ 2016-11-26T12:14:40+08:00 ] 127.0.0.1 /index.php?s=/admin/lottery/index.html
SQL: SHOW COLUMNS FROM `onethink_menu` [ RunTime:0.004000s ]
SQL: SELECT * FROM `onethink_menu` WHERE ( `pid` = 0 ) AND ( `hide` = 0 ) ORDER BY sort asc  [ RunTime:0.001000s ]
SQL: SELECT `id` FROM `onethink_menu` WHERE ( url like '%Lottery/index%' ) LIMIT 1   [ RunTime:0.000000s ]
SQL: SHOW COLUMNS FROM `onethink_menu` [ RunTime:0.003000s ]
SQL: SELECT `id`,`pid`,`title` FROM `onethink_menu` WHERE ( id=122 ) LIMIT 1   [ RunTime:0.000000s ]
SQL: SELECT DISTINCT  `group` FROM `onethink_menu` WHERE ( pid = 122 )  [ RunTime:0.001000s ]
SQL: SELECT `id`,`url` FROM `onethink_menu` WHERE ( `pid` = 122 ) AND ( `hide` = 0 )  [ RunTime:0.000000s ]
SQL: SELECT `id`,`pid`,`title`,`url`,`tip` FROM `onethink_menu` WHERE ( `group` = '' ) AND ( `pid` = 122 ) AND ( `hide` = 0 ) ORDER BY sort asc  [ RunTime:0.000000s ]
SQL: SHOW COLUMNS FROM `onethink_lottery` [ RunTime:0.004000s ]
SQL: SELECT * FROM `onethink_lottery` LIMIT 10   [ RunTime:0.000000s ]
INFO: [ view_parse ] --START--
INFO: [ template_filter ] --START--
INFO: Run Behavior\ContentReplace [ RunTime:0.000000s ]
INFO: [ template_filter ] --END-- [ RunTime:0.000000s ]
INFO: Run Behavior\ParseTemplate [ RunTime:0.016001s ]
INFO: [ view_parse ] --END-- [ RunTime:0.016001s ]
INFO: [ view_filter ] --START--
INFO: Run Behavior\WriteHtmlCache [ RunTime:0.000000s ]
INFO: [ view_filter ] --END-- [ RunTime:0.000000s ]
INFO: [ app_end ] --START--
INFO: Run Behavior\ShowPageTrace [ RunTime:0.002000s ]
INFO: [ app_end ] --END-- [ RunTime:0.002000s ]

